<?xml version="1.0" encoding="UTF-8"?>
<testsuite xmlns:xsi="http://www.w3.org/2001/XMLSchema-instance" xsi:noNamespaceSchemaLocation="https://maven.apache.org/surefire/maven-surefire-plugin/xsd/surefire-test-report-3.0.xsd" version="3.0" name="com.demo.config.ConfigServerDemo.ConfigServerDemoApplicationTests" time="2.533" tests="1" errors="0" skipped="0" failures="0">
  <properties>
[...]
</properties>
  <testcase name="contextLoads" classname="com.demo.config.ConfigServerDemo.ConfigServerDemoApplicationTests" time="0.459">
    <system-out><![CDATA[18:35:34.938 [main] INFO org.springframework.test.context.support.AnnotationConfigContextLoaderUtils -- Could not detect default configuration classes for test class [com.demo.config.ConfigServerDemo.ConfigServerDemoApplicationTests]: ConfigServerDemoApplicationTests does not declare any static, non-private, non-final, nested classes annotated with @Configuration.
18:35:34.989 [main] INFO org.springframework.boot.test.context.SpringBootTestContextBootstrapper -- Found @SpringBootConfiguration com.demo.config.ConfigServerDemo.ConfigServerDemoApplication for test class com.demo.config.ConfigServerDemo.ConfigServerDemoApplicationTests

  .   ____          _            __ _ _
 /\\ / ___'_ __ _ _(_)_ __  __ _ \ \ \ \
( ( )\___ | '_ | '_| | '_ \/ _` | \ \ \ \
 \\/  ___)| |_)| | | | | || (_| |  ) ) ) )
  '  |____| .__|_| |_|_| |_\__, | / / / /
 =========|_|==============|___/=/_/_/_/

 :: Spring Boot ::                (v3.3.1)

2024-07-17T18:35:35.232+05:30  WARN 17828 --- [ConfigServerDemo] [           main] ory$DuplicateJsonObjectContextCustomizer : 

Found multiple occurrences of org.json.JSONObject on the class path:

	jar:file:/Users/Shalini/.m2/repository/org/json/json/20240303/json-20240303.jar!/org/json/JSONObject.class
	jar:file:/Users/Shalini/.m2/repository/com/vaadin/external/google/android-json/0.0.20131108.vaadin1/android-json-0.0.20131108.vaadin1.jar!/org/json/JSONObject.class

You may wish to exclude one of them to ensure predictable runtime behavior

2024-07-17T18:35:35.259+05:30  INFO 17828 --- [ConfigServerDemo] [           main] c.d.c.C.ConfigServerDemoApplicationTests : Starting ConfigServerDemoApplicationTests using Java 17.0.8 with PID 17828 (started by Shalini in /Users/Shalini/Desktop/SynechronMSJul2024/ConfigServerDemo)
2024-07-17T18:35:35.259+05:30  INFO 17828 --- [ConfigServerDemo] [           main] c.d.c.C.ConfigServerDemoApplicationTests : No active profile set, falling back to 1 default profile: "default"
2024-07-17T18:35:35.769+05:30  INFO 17828 --- [ConfigServerDemo] [           main] faultConfiguringBeanFactoryPostProcessor : No bean named 'errorChannel' has been explicitly defined. Therefore, a default PublishSubscribeChannel will be created.
2024-07-17T18:35:35.775+05:30  INFO 17828 --- [ConfigServerDemo] [           main] faultConfiguringBeanFactoryPostProcessor : No bean named 'integrationHeaderChannelRegistry' has been explicitly defined. Therefore, a default DefaultHeaderChannelRegistry will be created.
2024-07-17T18:35:35.831+05:30  INFO 17828 --- [ConfigServerDemo] [           main] o.s.cloud.context.scope.GenericScope     : BeanFactory id=90405830-0314-3a9f-a9c9-ab14b99556b4
2024-07-17T18:35:36.670+05:30  INFO 17828 --- [ConfigServerDemo] [           main] o.s.c.s.m.DirectWithAttributesChannel    : Channel 'ConfigServerDemo.springCloudBusInput' has 1 subscriber(s).
2024-07-17T18:35:36.703+05:30  INFO 17828 --- [ConfigServerDemo] [           main] o.s.i.endpoint.EventDrivenConsumer       : Adding {logging-channel-adapter:_org.springframework.integration.errorLogger} as a subscriber to the 'errorChannel' channel
2024-07-17T18:35:36.703+05:30  INFO 17828 --- [ConfigServerDemo] [           main] o.s.i.channel.PublishSubscribeChannel    : Channel 'ConfigServerDemo.errorChannel' has 1 subscriber(s).
2024-07-17T18:35:36.703+05:30  INFO 17828 --- [ConfigServerDemo] [           main] o.s.i.endpoint.EventDrivenConsumer       : started bean '_org.springframework.integration.errorLogger'
2024-07-17T18:35:36.732+05:30  INFO 17828 --- [ConfigServerDemo] [           main] o.s.c.c.m.FileMonitorConfiguration       : Not monitoring for local config changes
2024-07-17T18:35:36.733+05:30  INFO 17828 --- [ConfigServerDemo] [           main] o.s.c.s.binder.DefaultBinderFactory      : Creating binder: rabbit
2024-07-17T18:35:36.733+05:30  INFO 17828 --- [ConfigServerDemo] [           main] o.s.c.s.binder.DefaultBinderFactory      : Constructing binder child context for rabbit
2024-07-17T18:35:36.768+05:30  INFO 17828 --- [ConfigServerDemo] [           main] o.s.c.s.binder.DefaultBinderFactory      : Caching the binder: rabbit
2024-07-17T18:35:36.772+05:30  INFO 17828 --- [ConfigServerDemo] [           main] c.s.b.r.p.RabbitExchangeQueueProvisioner : declaring queue for inbound: springCloudBus.anonymous.20Sc_GcLQWmHmbbGph1Wgw, bound to: springCloudBus
2024-07-17T18:35:36.775+05:30  INFO 17828 --- [ConfigServerDemo] [           main] o.s.a.r.c.CachingConnectionFactory       : Attempting to connect to: [localhost:5672]
2024-07-17T18:35:36.842+05:30  INFO 17828 --- [ConfigServerDemo] [           main] o.s.a.r.c.CachingConnectionFactory       : Created new connection: rabbitConnectionFactory#46ea78f0:0/SimpleConnection@4d174189 [delegate=amqp://guest@127.0.0.1:5672/, localPort=58393]
2024-07-17T18:35:36.884+05:30  INFO 17828 --- [ConfigServerDemo] [           main] o.s.c.stream.binder.BinderErrorChannel   : Channel 'rabbit-1038753484.springCloudBusInput.errors' has 1 subscriber(s).
2024-07-17T18:35:36.885+05:30  INFO 17828 --- [ConfigServerDemo] [           main] o.s.c.stream.binder.BinderErrorChannel   : Channel 'rabbit-1038753484.springCloudBusInput.errors' has 2 subscriber(s).
2024-07-17T18:35:36.896+05:30  INFO 17828 --- [ConfigServerDemo] [           main] o.s.i.a.i.AmqpInboundChannelAdapter      : started bean 'inbound.springCloudBus.anonymous.20Sc_GcLQWmHmbbGph1Wgw'
2024-07-17T18:35:36.910+05:30  INFO 17828 --- [ConfigServerDemo] [           main] c.d.c.C.ConfigServerDemoApplicationTests : Started ConfigServerDemoApplicationTests in 1.83 seconds (process running for 2.412)
]]></system-out>
  </testcase>
</testsuite>